[debug] [2022-04-08T11:06:46.594Z] ----------------------------------------------------------------------
[debug] [2022-04-08T11:06:46.596Z] Command:       C:\Program Files\nodejs\node.exe C:\Users\robert\AppData\Roaming\npm\node_modules\firebase-tools\lib\bin\firebase.js init
[debug] [2022-04-08T11:06:46.597Z] CLI Version:   10.6.0
[debug] [2022-04-08T11:06:46.597Z] Platform:      win32
[debug] [2022-04-08T11:06:46.597Z] Node Version:  v16.13.1
[debug] [2022-04-08T11:06:46.598Z] Time:          Fri Apr 08 2022 13:06:46 GMT+0200 (Mitteleuropäische Sommerzeit)
[debug] [2022-04-08T11:06:46.599Z] ----------------------------------------------------------------------
[debug] 
[debug] [2022-04-08T11:06:46.697Z] > command requires scopes: ["email","openid","https://www.googleapis.com/auth/cloudplatformprojects.readonly","https://www.googleapis.com/auth/firebase","https://www.googleapis.com/auth/cloud-platform"]
[debug] [2022-04-08T11:06:46.698Z] > authorizing via signed-in user (robert.stoeppel@gmail.com)
[info] 
     ######## #### ########  ######## ########     ###     ######  ########
     ##        ##  ##     ## ##       ##     ##  ##   ##  ##       ##
     ######    ##  ########  ######   ########  #########  ######  ######
     ##        ##  ##    ##  ##       ##     ## ##     ##       ## ##
     ##       #### ##     ## ######## ########  ##     ##  ######  ########

You're about to initialize a Firebase project in this directory:

  C:\Users\robert\projects\dstocks

Before we get started, keep in mind:

  * You are initializing within an existing Firebase project directory

